
ROM used:   2794/131056 (2%)
            2794/131056 (2%) including unused fragments

            1.0 Average locations per line
            11.4 Average locations per statement

RAM used:   53/3578 (1%) at main() level
            80/3578 (2%) worst case

Stack used: 2 worst case (2 in main + 0 for interrupts)
Stack size: 31

Lines Stmts  %   Files
----- ----- ---  -----
  363    62  25  FLASH2.c
   60     0   0  FLASH2.h
 1487     0   0  ..\..\..\..\..\..\..\..\Program Files (x86)\PICC\Devices\18F67J94.h
  750   183  75  GDNS_tbd_FlashOperation.c
   59     0   0  GDNS_tbd_FlashOperation.h
----- -----
 2719   245 Total

Page ROM  %  RAM    Vol Diff  Functions:
---- --- --- ---    --- ----  ----------
0     40   1    1             @delay_ms1
0      8   0    0             @PUTCHARI_BIU_1
0     56   1    6             @SPI_XFER_1
0      8   0    0     19  0.5  flash_setting
0     68   1    2    222  3.8  status_register_flash128m
0     22   0    0             @const985
0     42   1    3             @PSTRINGC_9600_31791_31789
0    200   4   24    649  5.7  read_id_flash128m
0     10   0    0             @const992
0     66   1    2             @PRINTF_X_9600_31791_31789
0     20   0    0             @const998
0     20   0    0             @const999
0    170   3   13   1032  8.6  sector_erase_flash128m
0     14   0    0             @const1002
0     14   0    0             @const1005
0     14   0    0             @const1008
0    132   2   16    770  7.5  read_data_bytes_flash128m
0     14   0    0             @const1019
0    198   4   17   1228 10.5  write_data_bytes_flash128m
0     14   0    0             @const1023
0    842  15   47   2515 10.1  MAIN
0     20   0    0             @const1032
0     28   1    0             @const1033
0     22   0    0             @const1034
0     40   1    0             @const1035
0     34   1    0             @const1036
0     32   1    0             @const1037
0     22   0    0             @const1038
0     46   1    0             @const1039
0     26   0    0             @const1040
0     38   1    0             @const1041
0     54   1    0             @const1042
0     30   1    0             @const1044
0     34   1    0             @const1045
0     40   1    4             @PSTRINGCN_9600_31791_31789
0     38   1    2             @PSTRINGR_9600_31791_31789
0     40   1    3             @DIV88
0    110   2    2             @PRINTF_U_9600_31791_31789
0     44   1    0             @const1055
0     22   0    0             @const1056
0     18   0    0             @const1057
0     14   0    0             @const1058
0     18   0    0             @const1059
0     26   0    0             @const1060
0     20   0    0             @const1061
 Inline         0             @cinit1

Program metrics:
    Functions               7
    Statements              245
    Comments                634
    Volume (V)              8875
    Difficulty (D)          43.4
    Effort to implement (E) 384896
    Time to implement (T)   5 hours, 56 minutes
    Est Delivered Bugs (B)  2
    Cyclomatic Complexity   18
    Maintainability (MI)    117

 Segment     Used  Free
-----------  ----  ----
00000-00004     6  0  
00006-0FFFE  2788  62742  
10000-1FFEE     0  65520  



