
ROM used:   790/131056 (1%)
            790/131056 (1%) including unused fragments

            0.5 Average locations per line
            16.8 Average locations per statement

RAM used:   13/3578 (0%) at main() level
            16/3578 (0%) worst case

Stack used: 1 worst case (1 in main + 0 for interrupts)
Stack size: 31

Lines Stmts  %   Files
----- ----- ---  -----
  131    47 100  UART2.c
    7     0   0  UART2.h
 1487     0   0  ..\..\..\..\..\..\..\..\Program Files (x86)\PICC\Devices\18F67J94.h
----- -----
 1625    47 Total

Page ROM  %  RAM    Vol Diff  Functions:
---- --- --- ---    --- ----  ----------
0     42   3    1             @delay_ms1
0    520  33    7   1464  6.4  main
0     38   2    0             @const980
0     42   3    3             @PSTRINGC_9600_31791_31789
0     18   1    0             @const985
0     40   3    4             @PSTRINGCN_9600_31791_31789
0     24   2    0             @const988
0     24   2    0             @const989
0     16   1    0    984  6.3  @const990
0     10   1    0             @const991
0     10   1    0             @const992
 Inline         0             @cinit1

Program metrics:
    Functions               2
    Statements              47
    Comments                277
    Volume (V)              2836
    Difficulty (D)          12.1
    Effort to implement (E) 34209
    Time to implement (T)   32 minutes
    Est Delivered Bugs (B)  0
    Cyclomatic Complexity   15
    Maintainability (MI)    51

 Segment     Used  Free
-----------  ----  ----
00000-00004     6  0  
00006-0FFFE   784  64746  
10000-1FFEE     0  65520  



