
ROM used:   1406/131056 (1%)
            1406/131056 (1%) including unused fragments

            0.6 Average locations per line
            7.4 Average locations per statement

RAM used:   6/3578 (0%) at main() level
            35/3578 (1%) worst case

Stack used: 2 worst case (2 in main + 0 for interrupts)
Stack size: 31

Lines Stmts  %   Files
----- ----- ---  -----
  244     7   4  FLASH1.c
   60     0   0  FLASH1.h
 1487     0   0  ..\..\..\..\..\..\..\..\Program Files (x86)\PICC\Devices\18F67J94.h
  697   183  96  GDNS_tbd_FlashOperation.c
   60     0   0  GDNS_tbd_FlashOperation.h
----- -----
 2548   190 Total

Page ROM  %  RAM    Vol Diff  Functions:
---- --- --- ---    --- ----  ----------
0     40   1    1             @delay_ms1
0     56   2    6             @SPI_XFER_1
0      8   0    0     19  0.5  flash_setting
0     68   2    2    210  3.7  status_register_flash1g
0     20   1    0             @const985
0     42   1    3             @PSTRINGC_9600_31791_31789
0    202   7   24    635  5.6  read_id_flash1g
0     10   0    0             @const992
0     68   2    2             @PRINTF_X_9600_31791_31789
0     20   1    0             @const998
0     20   1    0             @const999
0    178   6   14   1161  8.7  sector_erase_flash1g
0     14   0    0             @const1002
0     14   0    0             @const1005
0     14   0    0             @const1008
0    130   5   14    792  5.1  read_data_byte_flash1g
0    192   7   15   1231  8.8  write_data_byte_flash1g
0     14   0    0             @const1019
0     14   0    0             @const1023
0    256   9    0    134  1.6  MAIN
0     20   1    0             @const1027
 Inline         0             @cinit1

Program metrics:
    Functions               7
    Statements              190
    Comments                591
    Volume (V)              5868
    Difficulty (D)          33.9
    Effort to implement (E) 199079
    Time to implement (T)   3 hours, 4 minutes
    Est Delivered Bugs (B)  1
    Cyclomatic Complexity   8
    Maintainability (MI)    132

 Segment     Used  Free
-----------  ----  ----
00000-00004     6  0  
00006-0FFFE  1400  64130  
10000-1FFEE     0  65520  



