
ROM used:   858/131056 (1%)
            858/131056 (1%) including unused fragments

            0.5 Average locations per line
            34.3 Average locations per statement

RAM used:   33/3578 (1%) at main() level
            38/3578 (1%) worst case

Stack used: 1 worst case (0 in main + 1 for interrupts)
Stack size: 31

Lines Stmts  %   Files
----- ----- ---  -----
  111    25 100  TIMER1.c
    7     0   0  TIMER1.h
 1487     0   0  ..\..\..\..\..\..\..\..\Program Files (x86)\PICC\Devices\18F67J94.h
----- -----
 1605    25 Total

Page ROM  %  RAM    Vol Diff  Functions:
---- --- --- ---    --- ----  ----------
0     48   3    0    243  3.2  timer0_isr
0    342  20    0    252  3.5  MAIN
0     24   1    0             @const980
0     44   3    3             @PSTRINGC_9600_31791_31789
0     22   1    0             @const985
0     42   2    4             @PSTRINGCN_9600_31791_31789
0     40   2    3             @DIV88
0    108   6    2             @PRINTF_U_9600_31791_31789
 Inline         0             @cinit1

Program metrics:
    Functions               2
    Statements              25
    Comments                277
    Volume (V)              611
    Difficulty (D)          5.8
    Effort to implement (E) 3563
    Time to implement (T)   3 minutes
    Est Delivered Bugs (B)  0
    Cyclomatic Complexity   4
    Maintainability (MI)    71

 Segment     Used  Free
-----------  ----  ----
00000-00004     6  0  
00006-00006     0  2  
00008-000BC   182  0  
000BE-0FFFE   670  64676  
10000-1FFEE     0  65520  



