
ROM used:   1904/131056 (1%)
            1904/131056 (1%) including unused fragments

            1.1 Average locations per line
            22.4 Average locations per statement

RAM used:   33/3578 (1%) at main() level
            51/3578 (1%) worst case

Stack used: 2 worst case (2 in main + 0 for interrupts)
Stack size: 31

Lines Stmts  %   Files
----- ----- ---  -----
  217    85 100  FLASH1.c
   55     0   0  FLASH1.h
 1487     0   0  ..\..\..\..\..\..\..\..\Program Files (x86)\PICC\Devices\18F67J94.h
----- -----
 1759    85 Total

Page ROM  %  RAM    Vol Diff  Functions:
---- --- --- ---    --- ----  ----------
0     40   1    1             @delay_ms1
0     56   1    6             @SPI_XFER_1
0    858  23   27   2485  7.5  main
0     28   1    0             @const983
0     42   1    3             @PSTRINGC_9600_31791_31789
0     40   1    0             @const988
0     54   1    0             @const989
0     40   1    4             @PSTRINGCN_9600_31791_31789
0     66   2    2             @PRINTF_X_9600_31791_31789
0     38   1    0             @const995
0     22   1    0             @const996
0      8   0    0             @const997
0     36   1    0             @const998
0      8   0    0             @const999
0     20   1    0             @const1000
0     26   1    0             @const1002
0     24   1    0             @const1005
0      8   0    0             @const1006
0     34   1    0             @const1009
0     24   1    0     59  1.6  flash_write_enable
0     44   1    1    163  3.5  flash_wait_busy
0     92   2    9    238  2.8  flash_sector_erase
0    144   4   15    448  5.8  flash_page_program
0    146   4   15    462  5.8  flash_read_data
 Inline         0             @cinit1

Program metrics:
    Functions               6
    Statements              85
    Comments                312
    Volume (V)              5049
    Difficulty (D)          26.1
    Effort to implement (E) 131628
    Time to implement (T)   2 hours, 2 minutes
    Est Delivered Bugs (B)  1
    Cyclomatic Complexity   10
    Maintainability (MI)    43

 Segment     Used  Free
-----------  ----  ----
00000-00004     6  0  
00006-0FFFE  1898  63632  
10000-1FFEE     0  65520  



